
[1] Verifique se o módulo do kernel do CRAMFS não está disponível
FAIL

[2] Verifique se o módulo do kernel do SQUASHFS não está disponível
FAIL

[3] Verifique se o módulo do kernel do UDF não está disponível
FAIL

[4] Verifique se o módulo do kernel do HFS não está disponível
FAIL

[5] Verifique se o módulo do kernel do HFSPLUS não está disponível
FAIL

[6] Verifique se o módulo do kernel do JFFS2 não está disponível
FAIL

[7] Verifique se o módulo do kernel do FREEVXFS não está disponível
FAIL

[8] Verifique se o módulo do kernel do OVERLAY não está disponível
FAIL

[9] Verifique se o módulo do kernel do USB-STORAGE não está disponível
FAIL

[10] Verifique se o módulo do kernel do DCCP não está disponível
FAIL

[11] Verifique se o módulo do kernel do SCTP não está disponível
FAIL

[12] Verifique se o módulo do kernel do RDS não está disponível
FAIL

[13] Verifique se o módulo do kernel do TIPC não está disponível
FAIL

[14] Verifique se core dumps estão restritos
FAIL

[15] Verifique se ptrace_scope está restrito
FAIL

[16] Verifique se NX/XD está ativo
PASS
Possível ausência no hardware

[17] Verifique se ASLR está habilitado
FAIL

[18] Verifique se IOMMU está ativo
FAIL

[19] Verifique se perf_event está restrito
FAIL

[20] Verifique se dmesg está restrito
FAIL

[21] Verifique se user namespace está desabilitado
FAIL

[22] Verifique se protected_symlinks está habilitado
PASS

[23] Verifique se protected_hardlinks está habilitado
PASS

[24] Verifique se suid_dumpable=0
FAIL

[25] Partição dedicada para /tmp
FAIL

[26] Partição dedicada para /dev/shm
PASS

[27] Partição dedicada para /var
FAIL

[28] Partição dedicada para /var/tmp
FAIL

[29] Partição dedicada para /var/log
FAIL

[30] Partição dedicada para /var/log/audit
FAIL

[31] Partição dedicada para /home
FAIL

[32] Partição dedicada para /historico
FAIL

[33] Partição dedicada para /crash
FAIL

[34] Partição dedicada para /UNIX
FAIL

[35] Montagem segura de partições e mídia removível
FAIL

[36] Opções de montagem seguras em partições críticas
FAIL

[37] Opções de montagem seguras em /tmp
FAIL

[38] Opções de montagem seguras em /dev/shm
PASS

[39] Opções de montagem seguras em /var/tmp
FAIL

[40] Opções de montagem seguras em /var/log
FAIL

[41] Opções de montagem seguras em /var/log/audit
FAIL

[42] Opções de montagem seguras em /home
FAIL

[43] Opções de montagem seguras em mídias removíveis
FAIL

[44] Sticky bit em diretórios world-writable
/home/renato/.azure
/home/renato/.npm
/home/renato/.local
/home/renato/.ssh
/home/renato/.cache
/home/renato/.aws
FAIL

[45] Sticky bit em /tmp
PASS

[46] Sticky bit em /var/tmp
PASS

[47] Sticky bit em /dev/shm
PASS

[48] Autofs desabilitado
PASS

[49] Senha de bootloader configurada
FAIL

[50] Permissões seguras no arquivo do bootloader
PASS

[51] Single user mode com autenticação
PASS

[56] Prelink removido
PASS

[57] xinetd removido
PASS

[58] Sincronização de tempo em uso
FAIL

[59] Chrony configurado
PASS

[60] NTP configurado
PASS

[61] X11 ausente
FAIL

[62] Avahi ausente
FAIL

[63] CUPS ausente
FAIL

[64] DHCP server ausente
PASS

[65] LDAP server ausente
PASS

[66] DNS server ausente
PASS

[67] FTP server ausente
FAIL

[68] HTTP server ausente
PASS

[69] IMAP/POP3 server ausente
PASS

[70] Samba ausente
PASS

[71] Proxy HTTP ausente
PASS

[72] SNMP ausente
PASS

[73] NIS server ausente
PASS

[74] Telnet server ausente
PASS

[75] MTA em modo local-only
PASS

[76] NFS server controlado
PASS

[77] rpcbind controlado
PASS

[78] rsync daemon controlado
PASS

[79] Cliente NIS ausente
PASS

[80] Cliente rsh ausente
PASS

[81] Cliente talk ausente
PASS

[82] Cliente telnet ausente
FAIL

[83] Cliente LDAP ausente
FAIL

[84] Serviços não essenciais removidos/mascarados
FAIL

[85] TFTP server removido
PASS

[86] PolicyKit endurecido
PASS

[87] Assinaturas de pacotes habilitadas
PASS

[88] Patches de segurança aplicados - USO APENAS EM TEMPLATES
FAIL

[89] Apenas um daemon de time sync
FAIL

[90] Cron/at seguros e restritos
FAIL

[91] IP forwarding desabilitado
FAIL

[92] Redirecionamentos de pacotes desabilitados
FAIL

[93] Source-routed packets bloqueados
FAIL

[94] ICMP redirects bloqueados
FAIL

[95] Reverse path filtering habilitado
FAIL

[96] ICMP broadcast ignorado
PASS

[97] Respostas ICMP inválidas ignoradas
PASS

[98] TCP SYN cookies habilitados
FAIL

[99] IPv6 desabilitado ou endurecido
FAIL

[102] Wireless/Bluetooth desabilitados
PASS

[108] TLS mínimo 1.2/1.3
FAIL

[109] Permissões seguras em sshd_config e chaves
FAIL

[110] Controle de acesso via Allow/Deny
FAIL

[111] LogLevel adequado
FAIL

[112] X11Forwarding desabilitado
FAIL

[113] MaxAuthTries limitado
FAIL

[114] IgnoreRhosts habilitado
FAIL

[115] HostbasedAuthentication desabilitado
FAIL

[117] PermitEmptyPasswords desabilitado
FAIL

[118] PermitUserEnvironment desabilitado
FAIL

[119] UsePAM habilitado
PASS

[120] Idle timeout configurado
FAIL

[121] LoginGraceTime curto
FAIL

[122] MaxStartups/MaxSessions limitados
FAIL

[123] AllowTcpForwarding restrito
FAIL

[124] Banner legal configurado
FAIL

[125] Ciphers fortes
FAIL

[126] MACs fortes
FAIL

[127] KexAlgorithms fortes
FAIL

[128] Preferência moderna - double check
FAIL

[129] ForceCommand/Chroot
FAIL

[130] pwquality habilitado
FAIL

[131] Verificar parâmetros do pam_pwquality
FAIL

[132] pam_faillock habilitado
FAIL

[133] pam_tally2 não deve existir
PASS

[134] pam_pwhistory habilitado
FAIL

[135] minlen ≥ 14
FAIL

[136] minclass ≥ 4
FAIL

[137] maxrepeat & maxsequence = 3
FAIL

[138] dictcheck != 0
PASS

[139] Hashing sha512/yescrypt
FAIL

[140] pwhistory remember ≥ 5
FAIL

[141] deny maior igual a 5 (faillock)
FAIL

[142] unlock_time maior igual a 900
FAIL

[143] PASS_MAX_DAYS ≤ 365
FAIL

[144] PASS_MIN_DAYS maior igual a 1
FAIL

[145] PASS_WARN_AGE maior igual a 7
PASS

[146] inactive maior igual a 30 (para contas válidas)
FAIL

[147] campo 3 diferente 0
PASS

[148] Root é o único UID 0
PASS

[149] Root é o único GID 0
PASS

[150] Contas de sistema com shell interativo
PASS

[151] /sbin/nologin presente em /etc/shells
FAIL

[152] PATH do root configurado
FAIL

[153] umask 027
FAIL

[154] TMOUT 900
FAIL

[155] Ausência de regras amplas sudo
FAIL

[156] sudo usa pty
PASS

[157] sudo logfile
FAIL

[158] !authenticate ausente
PASS

[159] timestamp_timeout=5
FAIL

[160] su restrito a grupo autorizado
FAIL

[161] Stack de logs racionalizado
PASS

[162] Journald configurado persistente
FAIL

[163] Rsyslog instalado e ativo
PASS

[164] Logrotate para rsyslog
PASS

[165] auditd instalado e rodando
FAIL

[166] Auditoria antes do auditd
FAIL

[167] Tamanho de armazenamento de audit log
grep: /etc/audit/auditd.conf: No such file or directory
FAIL

[168] Logs de auditoria não excluídos automaticamente
grep: /etc/audit/auditd.conf: No such file or directory
FAIL

[169] Auditoria de alterações em data/hora
FAIL

[170] Auditoria de alterações em contas/grupos
FAIL

[171] Auditoria de alterações no ambiente de rede
FAIL

[173] Auditoria de login/logout
FAIL

[174] Auditoria de permissões DAC
FAIL

[175] Auditoria de acessos não autorizados
FAIL

[176] Auditoria de comandos privilegiados
FAIL

[177] Auditoria de mount/unmount
FAIL

[178] Auditoria de deleção de arquivos
FAIL

[179] Auditoria de kernel modules
FAIL

[180] Auditoria de sudoers/logs de sudo
FAIL

[181] Configuração de auditoria imutável
FAIL

[182] AIDE instalado e inicializado
FAIL

[183] Verificação de integridade agendada
FAIL

[184] Proteção dos binários de auditoria
FAIL

[185] Verificar permissões de /etc/passwd
PASS

[186] Verificar permissões de /etc/passwd-
PASS

[187] Verificar permissões de /etc/shadow
FAIL

[188] Verificar permissões de /etc/shadow-
FAIL

[189] Verificar permissões de /etc/gshadow-
FAIL

[190] Verificar permissões de /etc/gshadow
FAIL

[191] Verificar permissões de /etc/group
PASS

[192] Verificar permissões de /etc/group-
PASS

[193] Verificar se contas usam shell nologin
PASS

[194] Verificar permissões de /etc/security/opasswd
PASS

[195] Verificar existência de arquivos órfãos (UID/GID sem dono)
PASS

[196] Verificar world-writable fora de áreas permitidas
FAIL

[197] Verificar arquivos/diretórios sem owner ou group
PASS

[198] Verificar binários SUID/SGID indevidos
FAIL

[199] Verificar se usuários possuem diretório home válido)
PASS

[200] Verificar ownership das homes dos usuários
PASS

[201] Verificar permissões das homes (<=750)
PASS

[202] Verificar dotfiles inseguros nas homes
FAIL

[203] Verificar arquivos .forward/.netrc/.rhosts nas homes
FAIL
