
[1] Verificar se módulo cramfs está bloqueado
PASS

[2] Verificar se módulo squashfs está bloqueado
PASS

[3] Verificar se módulo udf está bloqueado
PASS

[4] Verificar se módulo hfs está bloqueado
PASS

[5] Verificar se módulo hfsplus está bloqueado
PASS

[6] Verificar se módulo jffs2 está bloqueado
PASS

[7] Verificar se módulo freevxfs está bloqueado
PASS

[8] Checa se overlay nao esta carregado e se ha regra de bloqueio
PASS

[9] Verificar se usb_storage está bloqueado
PASS

[10] Confere se dccp nao esta carregado e se existe regra de bloqueio
PASS

[11] Checa se sctp nao esta carregado e se esta bloqueado em modprobe
PASS

[12] Valida que rds nao esta ativo e esta proibido em modprobe
PASS

[13] Checa se tipc nao esta carregado e se ha bloqueio configurado
PASS

[14] Verifica limite de core e valor de fs suid dumpable igual a zero
/home/vagrant/UBUNTU20-24_DEBIAN11-13/HARDENING_SHELLSCRIPT_UBT20-24_DEB11-13/AUDIT_SH/audit.sh: line 129: sysctl: command not found
FAIL

[15] Verificar valor de fs.suid_dumpable
/home/vagrant/UBUNTU20-24_DEBIAN11-13/HARDENING_SHELLSCRIPT_UBT20-24_DEB11-13/AUDIT_SH/audit.sh: line 132: sysctl: command not found
FAIL

[16] Checa suporte a nx na cpu e mensagem de ativacao no dmesg
dmesg: read kernel buffer failed: Operation not permitted
FAIL

[17] Verifica kernel randomize va space igual a dois
/home/vagrant/UBUNTU20-24_DEBIAN11-13/HARDENING_SHELLSCRIPT_UBT20-24_DEB11-13/AUDIT_SH/audit.sh: line 138: sysctl: command not found
FAIL

[18] Verificar randomize_va_space
/home/vagrant/UBUNTU20-24_DEBIAN11-13/HARDENING_SHELLSCRIPT_UBT20-24_DEB11-13/AUDIT_SH/audit.sh: line 141: sysctl: command not found
FAIL

[19] Verifica kernel perf event paranoid em nivel mais restritivo
/home/vagrant/UBUNTU20-24_DEBIAN11-13/HARDENING_SHELLSCRIPT_UBT20-24_DEB11-13/AUDIT_SH/audit.sh: line 144: sysctl: command not found
FAIL

[20] Verificar perf_event_paranoid
/home/vagrant/UBUNTU20-24_DEBIAN11-13/HARDENING_SHELLSCRIPT_UBT20-24_DEB11-13/AUDIT_SH/audit.sh: line 147: sysctl: command not found
FAIL

[21] Verificar dmesg_restrict
/home/vagrant/UBUNTU20-24_DEBIAN11-13/HARDENING_SHELLSCRIPT_UBT20-24_DEB11-13/AUDIT_SH/audit.sh: line 150: sysctl: command not found
FAIL

[22] Checa fs protected symlinks igual a um
/home/vagrant/UBUNTU20-24_DEBIAN11-13/HARDENING_SHELLSCRIPT_UBT20-24_DEB11-13/AUDIT_SH/audit.sh: line 153: sysctl: command not found
FAIL

[23] Verificar protected_symlinks
/home/vagrant/UBUNTU20-24_DEBIAN11-13/HARDENING_SHELLSCRIPT_UBT20-24_DEB11-13/AUDIT_SH/audit.sh: line 156: sysctl: command not found
FAIL

[24] Verificar protected_hardlinks
/home/vagrant/UBUNTU20-24_DEBIAN11-13/HARDENING_SHELLSCRIPT_UBT20-24_DEB11-13/AUDIT_SH/audit.sh: line 159: sysctl: command not found
FAIL

[25] Verifica se existe montagem especifica para tmp via findmnt
FAIL

[26] Checa montagem propria para dev shm
PASS

[27] Verifica montagem independente para var
FAIL

[28] Checa se var tmp possui montagem propria
FAIL

[29] Confere montagem especifica para var log
FAIL

[30] Verifica se var log audit tem montagem independente
FAIL

[31] Checa montagem independente para home
FAIL

[32] Verifica se existe montagem especifica para historico
FAIL

[33] Confere montagem dedicada para crash
FAIL

[34] Verifica se ha montagem propria para UNIX
FAIL

[35] Verificar opções de montagem para mídias removíveis
FAIL

[36] Verificar opções de montagem críticas
FAIL

[37] Checa se tmp possui opcoes nodev nosuid e noexec
FAIL

[38] Verifica nodev nosuid noexec na montagem de dev shm
FAIL

[39] Checa opcoes nodev nosuid ou noexec em var tmp
FAIL

[40] Verificar opções de montagem de /var/log
FAIL

[41] Verificar opções de montagem de /var/log/audit
FAIL

[42] Verificar opções de montagem de /home
FAIL

[43] Verifica se midias removiveis estao definidas com opcoes seguras em fstab
FAIL

[44] Verificar sticky bit em diretórios world writable
PASS

[45] Verificar sticky bit em /tmp
PASS

[46] Verificar sticky bit em /var/tmp
PASS

[47] Verificar sticky bit em /dev/shm
PASS

[48] Verifica se o servico autofs esta desabilitado
PASS

[49] Verifica presenca de senha hash em grub cfg
FAIL

[50] Verifica permissoes de leitura e propriedade do grub cfg
PASS

[51] Confere configuracao de autenticacao no systemd e emergency service
PASS

[56] Verificar se prelink está instalado
PASS

[57] Verificar presença de xinetd
PASS

[58] Verificar serviço de tempo ativo
FAIL

[59] Verificar servidores configurados
PASS

[60] Verificar sincronização automática
PASS

[61] Verificar presença de pacotes X11
PASS

[62] Verificar status do avahi
PASS

[63] Verificar status do CUPS
PASS

[64] Checa se pacote dhcp server esta instalado
PASS

[65] Verifica se openldap servers esta instalado
PASS

[66] Checa se pacote bind esta instalado
PASS

[67] Confere presenca do pacote vsftpd
PASS

[68] Verifica se httpd esta instalado
PASS

[69] Verificar presença de serviços IMAP POP3
PASS

[70] Verificar presença de Samba
PASS

[71] Verificar presença de proxy HTTP
PASS

[72] Verificar status do SNMP
PASS

[73] Verificar presença de NIS
PASS

[74] Verificar presença de telnetd
PASS

[75] Verificar configuração do MTA
FAIL

[76] Verificar presença de NFS server
PASS

[77] Verificar status do rpcbind
PASS

[78] Verificar presença do rsync daemon
PASS

[79] Verificar presença do cliente NIS
PASS

[80] Verificar presença de rsh
PASS

[81] Verificar presença de talk
PASS

[82] Verificar presença de cliente telnet
FAIL

[83] Verificar presença de cliente LDAP
PASS

[84] Verificar serviços ativos não autorizados
PASS

[85] Verificar presença de TFTP
PASS

[86] Verificar regras do polkit
PASS

[87] Verificar ausência de trusted=yes e permissões APT inseguras
PASS

[88] Verificar atualizações pendentes
PASS

[89] Verificar serviços de tempo ativos
FAIL

[90] Verificar allow-list de usuários para cron e at
FAIL

[91] Confere sysctl de net ipv4 ip forward e net ipv6 conf all forwarding iguais a zero
FAIL

[92] Verificar configuração de redirects
FAIL

[93] Verificar parâmetros de source route
FAIL

[94] Verificar ICMP redirects
FAIL

[95] Verificar rp_filter
FAIL

[96] Verificar ignore_broadcasts
FAIL

[97] Verificar ignore_bogus_error_responses
FAIL

[98] Verificar tcp_syncookies
FAIL

[99] Verifica sysctl net ipv6 conf all disable ipv6 igual a um
FAIL

[102] Verificar interfaces wireless ou bluetooth ativas
PASS

[108] Verificar se políticas de criptografia bloqueiam TLS < 1.
FAIL

[109] Verificar permissões de arquivos e diretório SSH
FAIL

[110] Procura diretivas AllowUsers AllowGroups DenyUsers ou DenyGroups no sshd config
FAIL

[111] Verificar parâmetro SyslogFacility
FAIL

[112] Verificar parâmetro X11Forwarding
FAIL

[113] Verificar valor de MaxAuthTries
FAIL

[114] Verificar parâmetro IgnoreRhosts
FAIL

[115] Verificar parâmetro HostbasedAuthentication
FAIL

[117] Verificar parâmetro PermitEmptyPasswords
FAIL

[118] Verificar parâmetro PermitUserEnvironment
FAIL

[119] Verificar parâmetro UsePAM
PASS

[120] Verificar parâmetros ClientAlive
FAIL

[121] Verificar parâmetro LoginGraceTime
FAIL

[122] Verificar parâmetros MaxStartups e MaxSessions
FAIL

[123] Confere se AllowTcpForwarding esta definido como no ou restrito
FAIL

[124] Verificar parâmetro Banner
FAIL

[125] Verifica se diretiva Ciphers contem algoritmo forte
FAIL

[126] Checa se diretiva MACs contem algoritmo seguro
FAIL

[127] Verifica se KexAlgorithms inclui metodo forte
FAIL

[128] Checa se Ciphers ou KexAlgorithms contem suite moderna
FAIL

[129] Verifica se ha diretivas ForceCommand ou ChrootDirectory configuradas para contas especificas
FAIL

[130] Verificar presença do módulo de complexidade na stack PAM
FAIL

[131] Verificar parâmetros do pam_pwquality
FAIL

[132] Verifica uso de pam faillock nas pilhas de autenticacao
FAIL

[133] Checa referencias a pam tally2 nas pilhas de autenticacao
PASS

[134] Verificar configuração de pwhistory
FAIL

[135] Verificar parâmetro de tamanho mínimo
FAIL

[136] Verificar requisitos de complexidade
FAIL

[137] Verificar parâmetros de repetição e sequência
FAIL

[138] Verificar parâmetro de verificação de dicionário
PASS

[139] Verificar algoritmo configurado
PASS

[140] Verificar parâmetro de histórico
FAIL

[141] Verifica parametro deny em faillock conf
FAIL

[142] Verificar tempo de desbloqueio
FAIL

[143] Verificar PASS_MAX_DAYS
FAIL

[144] Verificar PASS_MIN_DAYS
FAIL

[145] Verificar PASS_WARN_AGE
PASS

[146] Verificar parâmetro INACTIVE
awk: cannot open /etc/shadow (Permission denied)
FAIL

[147] Verificar inconsistências de data
awk: cannot open /etc/shadow (Permission denied)
FAIL

[148] Verificar contas com UID 0
PASS

[149] Verificar grupos com GID 0
PASS

[150] Verificar shells de contas de sistema
PASS

[151] Verificar conteúdo de /etc/shells
FAIL

[152] Verificar variável PATH do root
PASS

[153] Verificar valor de umask padrão
FAIL

[154] Verificar variável de timeout
FAIL

[155] Verificar configuração do sudoers
PASS

[156] Verificar parâmetro requiretty ou equivalente
FAIL

[157] Verificar configuração de log do sudo
FAIL

[158] Verifica ausencia de Defaults authenticate desabilitado em sudoers
PASS

[159] Verificar configuração de timeout
FAIL

[160] Verificar configuração do su e grupo permitido
FAIL

[161] Verificar se há ao menos um mecanismo de log ativo
PASS

[162] Verificar persistência do systemd-journald
FAIL

[163] Verificar presença e status do rsyslog
FAIL

[164] Verificar configuração de rotação
FAIL

[165] Verificar presença e status do auditd
FAIL

[166] Verificar ordem de inicialização
FAIL

[167] Verificar parâmetro max_log_file
grep: /etc/audit/auditd.conf: No such file or directory
FAIL

[168] Verifica max log file action em auditd conf para garantir keep logs ou rotate
grep: /etc/audit/auditd.conf: No such file or directory
FAIL

[169] Verificar regras de auditoria de time change
FAIL

[170] Verificar regras de auditoria relacionadas a contas
FAIL

[171] Verificar regras de auditoria de rede
FAIL

[173] Verificar regras de auditoria de login
FAIL

[174] Verificar regras de auditoria DAC
FAIL

[175] Verificar regras de acesso negado
FAIL

[176] Verificar regras de execve privilegiado
FAIL

[177] Verificar regras relacionadas a mount
FAIL

[178] Verificar regras de deleção
FAIL

[179] Verificar regras relacionadas a módulos
FAIL

[180] Verificar regras de auditoria de sudo
FAIL

[181] Verifica se parametro e2 esta ativo em auditctl
FAIL

[182] Verifica instalacao do pacote AIDE e existencia de banco de dados inicial
FAIL

[183] Verificar agendamento configurado
FAIL

[184] Verifica permissoes e proprietario de binarios como auditctl aureport ausearch auditd
FAIL

[185] Verificar permissões de /etc/passwd
PASS

[186] Verificar permissões de /etc/passwd-
PASS

[187] Verificar permissões de /etc/shadow
FAIL

[188] Verificar permissões de /etc/shadow-
FAIL

[189] Verificar permissões de /etc/gshadow-
FAIL

[190] Verificar permissões de /etc/gshadow
FAIL

[191] Verificar permissões de /etc/group
PASS

[192] Verificar permissões de /etc/group-
PASS

[193] Verifica se nologin aparece listado em etc shells
FAIL

[194] Verificar permissões de opasswd
PASS

[195] Identificar arquivos sem owner válido
FAIL

[196] Verificar sticky bit em diretórios world writable
PASS

[197] Identificar arquivos sem grupo válido
FAIL

[198] Lista arquivos com bits SUID ou SGID definidos
FAIL

[199] Verificar usuários sem diretório home
PASS

[200] Verificar ownership dos diretórios home
PASS

[201] Verificar permissões dos diretórios home
FAIL

[202] Verificar permissões de dotfiles
PASS

[203] Verificar presença desses arquivos
PASS
