>> kernel.sh 002 003 004 005 006 007 008 009 010 011 012 013
[002] OK | modulo squashfs bloqueado
[003] OK | modulo udf bloqueado
[004] OK | modulo hfs bloqueado
[005] OK | modulo hfsplus bloqueado
[006] OK | modulo jffs2 bloqueado
[007] OK | modulo freevxfs bloqueado
[008] SEM_AUTO | overlayfs depende de requisito de uso, containers e arquitetura
[009] OK | modulo usb_storage bloqueado
[010] OK | modulo dccp bloqueado
[011] SEM_AUTO | SCTP depende de requisito de rede/aplicacao
[012] OK | modulo rds bloqueado
[013] OK | modulo tipc bloqueado
>> filesystem.sh 025 027 028 029 030 031 032 033 034 035 036 037 038 039 040 041 042 043
[025] SEM_AUTO | particionamento e ponto de montagem dependem da arquitetura do cliente
[027] SEM_AUTO | particionamento e ponto de montagem dependem da arquitetura do cliente
[028] SEM_AUTO | particionamento e ponto de montagem dependem da arquitetura do cliente
[029] SEM_AUTO | particionamento e ponto de montagem dependem da arquitetura do cliente
[030] SEM_AUTO | particionamento e ponto de montagem dependem da arquitetura do cliente
[031] SEM_AUTO | particionamento e ponto de montagem dependem da arquitetura do cliente
[032] SEM_AUTO | particionamento e ponto de montagem dependem da arquitetura do cliente
[033] SEM_AUTO | particionamento e ponto de montagem dependem da arquitetura do cliente
[034] SEM_AUTO | particionamento e ponto de montagem dependem da arquitetura do cliente
[035] SEM_AUTO | opcoes de montagem em fstab/mount dependem de janela e desenho operacional
[036] SEM_AUTO | opcoes de montagem em fstab/mount dependem de janela e desenho operacional
[037] SEM_AUTO | opcoes de montagem em fstab/mount dependem de janela e desenho operacional
[038] SEM_AUTO | opcoes de montagem em fstab/mount dependem de janela e desenho operacional
[039] SEM_AUTO | opcoes de montagem em fstab/mount dependem de janela e desenho operacional
[040] SEM_AUTO | opcoes de montagem em fstab/mount dependem de janela e desenho operacional
[041] SEM_AUTO | opcoes de montagem em fstab/mount dependem de janela e desenho operacional
[042] SEM_AUTO | opcoes de montagem em fstab/mount dependem de janela e desenho operacional
[043] SEM_AUTO | opcoes de montagem em fstab/mount dependem de janela e desenho operacional
>> boot.sh 049
[049] SEM_AUTO | senha de bootloader exige definicao/fornecimento de segredo pelo cliente
>> system.sh 058 075 082 089 090
[058] SEM_AUTO | ativar time sync exige escolha do mecanismo aprovado
[075] OK | postfix configurado como local-only
[082] SEM_AUTO | remocao de cliente/pacote depende de uso aprovado pelo cliente
[089] SEM_AUTO | time sync unico exige escolha do mecanismo a manter
[090] OK | cron e at restritos por allow-list
>> network.sh 092 094 095
[092] OK | send_redirects desabilitado
[094] OK | ICMP redirects desabilitados
[095] OK | rp_filter habilitado
>> tls.sh 108
[108] SEM_AUTO | TLS minimo 1.2 depende dos servicos, bibliotecas e compatibilidade do cliente
>> ssh.sh 109 110 111 112 113 120 123
[109] OK | permissoes seguras aplicadas em /etc/ssh
[110] SEM_AUTO | Allow/DenyUsers ou Allow/DenyGroups dependem da politica de acesso do cliente
[111] OK | SyslogFacility AUTHPRIV
[112] OK | X11Forwarding no
[113] OK | MaxAuthTries 4
[120] OK | diretivas SSH aplicadas
[123] OK | AllowTcpForwarding no
>> accounts.sh 130 131 132 134 135 136 137 140 141 142 143 144 146 151 153 154
[130] SEM_AUTO | alteracao de stack PAM deve seguir padrao aprovado do cliente
[131] SEM_AUTO | alteracao de stack PAM deve seguir padrao aprovado do cliente
[132] SEM_AUTO | alteracao de stack PAM deve seguir padrao aprovado do cliente
[134] SEM_AUTO | alteracao de stack PAM deve seguir padrao aprovado do cliente
[135] OK | pwquality atualizado
[136] OK | pwquality atualizado
[137] OK | pwquality atualizado
[140] SEM_AUTO | historico de senhas depende da stack PAM/pwhistory aprovada
[141] OK | deny=5
[142] OK | unlock_time=900
[143] OK | PASS_MAX_DAYS 365
[144] OK | PASS_MIN_DAYS 1
[146] SEM_AUTO | INACTIVE em contas existentes altera ciclo de vida de usuarios
[151] OK | /usr/sbin/nologin registrado em /etc/shells
[153] OK | umask padrao restritiva configurada
[154] OK | timeout de shell configurado
>> sudo.sh 157 159 160
[157] OK | log de sudo configurado
[159] OK | timeout sudo configurado
[160] OK | su restrito ao grupo sudo
>> audit_logs.sh 162 163 164 165 166 167 168 169 170 171 173 174 175 176 177 178 179 180 181
[162] OK | journald persistente configurado
[163] SEM_AUTO | rsyslog envolve pacote/servico requerido pelo cliente
[164] SEM_AUTO | rotacao de logs exige politica de retencao do cliente
[165] SEM_AUTO | instalar auditd e habilitar servico depende de pacote/janela
[166] SEM_AUTO | auditd no boot envolve parametro de boot e janela de mudanca
[167] SEM_AUTO | /etc/audit/auditd.conf ausente; auditd nao parece instalado
[168] SEM_AUTO | /etc/audit/auditd.conf ausente; auditd nao parece instalado
[169] SEM_AUTO | auditd/augenrules ausente; regra nao pode ser ativada automaticamente
[170] SEM_AUTO | auditd/augenrules ausente; regra nao pode ser ativada automaticamente
[171] SEM_AUTO | auditd/augenrules ausente; regra nao pode ser ativada automaticamente
[173] SEM_AUTO | auditd/augenrules ausente; regra nao pode ser ativada automaticamente
[174] SEM_AUTO | auditd/augenrules ausente; regra nao pode ser ativada automaticamente
[175] SEM_AUTO | auditd/augenrules ausente; regra nao pode ser ativada automaticamente
[176] SEM_AUTO | execucoes privilegiadas exigem descoberta de binarios SUID/SGID no host
[177] SEM_AUTO | auditd/augenrules ausente; regra nao pode ser ativada automaticamente
[178] SEM_AUTO | auditd/augenrules ausente; regra nao pode ser ativada automaticamente
[179] SEM_AUTO | auditd/augenrules ausente; regra nao pode ser ativada automaticamente
[180] SEM_AUTO | auditd/augenrules ausente; regra nao pode ser ativada automaticamente
[181] SEM_AUTO | audit immutable so deve ser aplicado em producao apos aprovar/revisar regras
>> integrity.sh 182 183 184
[182] SEM_AUTO | instalar/inicializar AIDE envolve pacote e baseline inicial
[183] OK | verificacao diaria do AIDE agendada
[184] SEM_AUTO | binarios de auditoria nao encontrados
>> permissions.sh 187 188 189 190 195 197 198
[187] OK | chown root:root chmod 000 /etc/shadow
[188] OK | chown root:root chmod 000 /etc/shadow-
[189] OK | chown root:root chmod 000 /etc/gshadow-
[190] OK | chown root:root chmod 000 /etc/gshadow
[195] SEM_AUTO | arquivos orfaos exigem decisao sobre owner correto
[197] SEM_AUTO | arquivos sem grupo exigem decisao sobre grupo correto
[198] SEM_AUTO | SUID/SGID exige revisao e aprovacao por binario
>> system_accounts.sh 193
[193] OK | /usr/sbin/nologin registrado em /etc/shells
>> home.sh 201
[201] OK | permissoes dos homes ajustadas para 750
Rollback manifest: /home/vagrant/HARDENING_SHELLSCRIPT_UBT20-24_DEB11-13/logs/remed/rollback/rollback-20260625-153905-debian-12-20260625.manifest
